mode: set
github.com/ikshavaku/catalogue/api/provider.go:12.15,18.2 3 0
github.com/ikshavaku/catalogue/api/provider.go:20.78,21.34 1 0
github.com/ikshavaku/catalogue/api/provider.go:21.34,24.3 2 0
github.com/ikshavaku/catalogue/api/provider.go:27.61,28.28 1 0
github.com/ikshavaku/catalogue/api/provider.go:28.28,30.3 1 0
github.com/ikshavaku/catalogue/api/service/controller.go:16.64,18.56 2 0
github.com/ikshavaku/catalogue/api/service/controller.go:18.56,22.3 3 0
github.com/ikshavaku/catalogue/api/service/controller.go:23.2,24.16 2 0
github.com/ikshavaku/catalogue/api/service/controller.go:24.16,28.3 3 0
github.com/ikshavaku/catalogue/api/service/controller.go:29.2,31.32 3 0
github.com/ikshavaku/catalogue/api/service/controller.go:31.32,39.3 1 0
github.com/ikshavaku/catalogue/api/service/controller.go:40.2,44.33 5 0
github.com/ikshavaku/catalogue/api/service/controller.go:46.63,48.56 2 0
github.com/ikshavaku/catalogue/api/service/controller.go:48.56,52.3 3 0
github.com/ikshavaku/catalogue/api/service/controller.go:53.2,54.16 2 0
github.com/ikshavaku/catalogue/api/service/controller.go:54.16,58.3 3 0
github.com/ikshavaku/catalogue/api/service/controller.go:59.2,67.4 1 0
github.com/ikshavaku/catalogue/api/service/controller.go:70.68,72.56 2 0
github.com/ikshavaku/catalogue/api/service/controller.go:72.56,76.3 3 0
github.com/ikshavaku/catalogue/api/service/controller.go:77.2,78.16 2 0
github.com/ikshavaku/catalogue/api/service/controller.go:78.16,82.3 3 0
github.com/ikshavaku/catalogue/api/service/controller.go:83.2,84.32 2 0
github.com/ikshavaku/catalogue/api/service/controller.go:84.32,91.3 1 0
github.com/ikshavaku/catalogue/api/service/controller.go:92.2,95.4 1 0
github.com/ikshavaku/catalogue/api/service/provider.go:5.98,9.2 1 0
github.com/ikshavaku/catalogue/api/service/request.go:11.73,15.2 1 0
github.com/ikshavaku/catalogue/api/service/request.go:21.105,25.2 1 0
github.com/ikshavaku/catalogue/api/service/request.go:33.69,40.21 2 0
github.com/ikshavaku/catalogue/api/service/request.go:40.21,42.3 1 0
github.com/ikshavaku/catalogue/api/service/request.go:44.2,44.42 1 0
github.com/ikshavaku/catalogue/api/service/request.go:44.42,46.3 1 0
github.com/ikshavaku/catalogue/api/service/request.go:47.2,47.15 1 0
github.com/ikshavaku/catalogue/api/service/routes.go:7.72,11.2 3 0
github.com/ikshavaku/catalogue/cmd/app/main.go:13.13,15.16 2 0
github.com/ikshavaku/catalogue/cmd/app/main.go:15.16,17.13 2 0
github.com/ikshavaku/catalogue/cmd/app/main.go:19.2,24.27 6 0
github.com/ikshavaku/catalogue/cmd/app/main.go:27.87,28.12 1 0
github.com/ikshavaku/catalogue/cmd/app/main.go:28.12,30.17 2 0
github.com/ikshavaku/catalogue/cmd/app/main.go:30.17,31.14 1 0
github.com/ikshavaku/catalogue/cmd/app/main.go:33.3,34.11 2 0
github.com/ikshavaku/catalogue/cmd/app/wire_gen.go:19.59,28.2 8 0
github.com/ikshavaku/catalogue/service/provider.go:5.77,9.2 1 0
github.com/ikshavaku/catalogue/service/schemas.go:24.72,28.2 1 0
github.com/ikshavaku/catalogue/service/schemas.go:34.104,38.2 1 0
github.com/ikshavaku/catalogue/service/schemas.go:65.68,73.2 1 0
github.com/ikshavaku/catalogue/service/service.go:13.50,21.2 1 0
github.com/ikshavaku/catalogue/service/service.go:23.71,31.2 1 0
github.com/ikshavaku/catalogue/service/service.go:33.116,35.16 2 0
github.com/ikshavaku/catalogue/service/service.go:35.16,37.3 1 0
github.com/ikshavaku/catalogue/service/service.go:38.2,39.29 2 0
github.com/ikshavaku/catalogue/service/service.go:39.29,41.3 1 0
github.com/ikshavaku/catalogue/service/service.go:42.2,47.8 1 0
github.com/ikshavaku/catalogue/service/service.go:50.122,52.16 2 0
github.com/ikshavaku/catalogue/service/service.go:52.16,54.3 1 0
github.com/ikshavaku/catalogue/service/service.go:55.2,57.8 1 0
github.com/ikshavaku/catalogue/service/service.go:60.159,62.16 2 0
github.com/ikshavaku/catalogue/service/service.go:62.16,64.3 1 0
github.com/ikshavaku/catalogue/service/service.go:65.2,66.24 2 0
github.com/ikshavaku/catalogue/service/service.go:66.24,68.3 1 0
github.com/ikshavaku/catalogue/service/service.go:69.2,72.8 1 0
github.com/ikshavaku/catalogue/store/postgres/repositories/provider.go:5.73,9.2 1 0
github.com/ikshavaku/catalogue/store/postgres/repositories/service_repository.go:18.148,21.24 2 0
github.com/ikshavaku/catalogue/store/postgres/repositories/service_repository.go:21.24,23.3 1 0
github.com/ikshavaku/catalogue/store/postgres/repositories/service_repository.go:24.2,29.16 3 0
github.com/ikshavaku/catalogue/store/postgres/repositories/service_repository.go:29.16,31.3 1 0
github.com/ikshavaku/catalogue/store/postgres/repositories/service_repository.go:32.2,35.14 3 0
github.com/ikshavaku/catalogue/store/postgres/repositories/service_repository.go:35.14,37.3 1 0
github.com/ikshavaku/catalogue/store/postgres/repositories/service_repository.go:38.2,48.16 5 0
github.com/ikshavaku/catalogue/store/postgres/repositories/service_repository.go:48.16,50.3 1 0
github.com/ikshavaku/catalogue/store/postgres/repositories/service_repository.go:51.2,52.25 2 0
github.com/ikshavaku/catalogue/store/postgres/repositories/service_repository.go:52.25,54.3 1 0
github.com/ikshavaku/catalogue/store/postgres/repositories/service_repository.go:55.2,62.8 2 0
github.com/ikshavaku/catalogue/store/postgres/repositories/service_repository.go:65.127,67.16 2 0
github.com/ikshavaku/catalogue/store/postgres/repositories/service_repository.go:67.16,70.3 2 0
github.com/ikshavaku/catalogue/store/postgres/repositories/service_repository.go:71.2,72.16 2 0
github.com/ikshavaku/catalogue/store/postgres/repositories/service_repository.go:72.16,74.3 1 0
github.com/ikshavaku/catalogue/store/postgres/repositories/service_repository.go:75.2,75.25 1 0
github.com/ikshavaku/catalogue/store/postgres/repositories/service_repository.go:78.157,80.16 2 0
github.com/ikshavaku/catalogue/store/postgres/repositories/service_repository.go:80.16,83.3 2 0
github.com/ikshavaku/catalogue/store/postgres/repositories/service_repository.go:84.2,85.16 2 0
github.com/ikshavaku/catalogue/store/postgres/repositories/service_repository.go:85.16,87.3 1 0
github.com/ikshavaku/catalogue/store/postgres/repositories/service_repository.go:88.2,89.24 2 0
github.com/ikshavaku/catalogue/store/postgres/repositories/service_repository.go:89.24,91.3 1 0
github.com/ikshavaku/catalogue/store/postgres/repositories/service_repository.go:92.2,92.18 1 0
github.com/ikshavaku/catalogue/tests/helpers.go:13.42,17.2 3 0
github.com/ikshavaku/catalogue/tests/helpers.go:19.101,22.26 3 0
github.com/ikshavaku/catalogue/tests/helpers.go:23.14,24.18 1 0
github.com/ikshavaku/catalogue/tests/helpers.go:25.14,26.26 1 0
github.com/ikshavaku/catalogue/tests/helpers.go:27.10,28.40 1 0
github.com/ikshavaku/catalogue/tests/helpers.go:31.2,31.16 1 0
github.com/ikshavaku/catalogue/tests/helpers.go:31.16,33.3 1 0
github.com/ikshavaku/catalogue/tests/helpers.go:34.2,35.16 2 0
github.com/ikshavaku/catalogue/tests/helpers.go:35.16,37.3 1 0
github.com/ikshavaku/catalogue/tests/helpers.go:38.2,39.32 2 0
github.com/ikshavaku/catalogue/tests/helpers.go:39.32,41.3 1 0
github.com/ikshavaku/catalogue/tests/helpers.go:42.2,42.21 1 0
github.com/ikshavaku/catalogue/tests/helpers.go:45.57,47.2 1 0
github.com/ikshavaku/catalogue/store/postgres/db.go:20.28,22.2 1 0
github.com/ikshavaku/catalogue/store/postgres/db.go:28.46,32.2 1 0
github.com/ikshavaku/catalogue/store/postgres/mappers.go:9.44,18.2 1 0
github.com/ikshavaku/catalogue/store/postgres/mappers.go:20.58,28.2 1 0
github.com/ikshavaku/catalogue/store/postgres/provider.go:12.63,14.16 2 0
github.com/ikshavaku/catalogue/store/postgres/provider.go:14.16,17.13 1 0
github.com/ikshavaku/catalogue/store/postgres/provider.go:19.2,19.13 1 0
github.com/ikshavaku/catalogue/store/postgres/provider.go:22.66,24.2 1 0
github.com/ikshavaku/catalogue/store/postgres/provider.go:29.51,31.2 1 0
github.com/ikshavaku/catalogue/store/postgres/provider.go:33.64,35.2 1 0
github.com/ikshavaku/catalogue/store/postgres/query.sql.go:21.93,26.2 4 0
github.com/ikshavaku/catalogue/store/postgres/query.sql.go:37.82,49.2 4 0
github.com/ikshavaku/catalogue/store/postgres/query.sql.go:60.114,62.16 2 0
github.com/ikshavaku/catalogue/store/postgres/query.sql.go:62.16,64.3 1 0
github.com/ikshavaku/catalogue/store/postgres/query.sql.go:65.2,67.18 3 0
github.com/ikshavaku/catalogue/store/postgres/query.sql.go:67.18,75.17 2 0
github.com/ikshavaku/catalogue/store/postgres/query.sql.go:75.17,77.4 1 0
github.com/ikshavaku/catalogue/store/postgres/query.sql.go:78.3,78.27 1 0
github.com/ikshavaku/catalogue/store/postgres/query.sql.go:80.2,80.35 1 0
github.com/ikshavaku/catalogue/store/postgres/query.sql.go:80.35,82.3 1 0
github.com/ikshavaku/catalogue/store/postgres/query.sql.go:83.2,83.19 1 0
github.com/ikshavaku/catalogue/store/postgres/query.sql.go:107.96,109.16 2 0
github.com/ikshavaku/catalogue/store/postgres/query.sql.go:109.16,111.3 1 0
github.com/ikshavaku/catalogue/store/postgres/query.sql.go:112.2,114.18 3 0
github.com/ikshavaku/catalogue/store/postgres/query.sql.go:114.18,123.17 2 0
github.com/ikshavaku/catalogue/store/postgres/query.sql.go:123.17,125.4 1 0
github.com/ikshavaku/catalogue/store/postgres/query.sql.go:126.3,126.27 1 0
github.com/ikshavaku/catalogue/store/postgres/query.sql.go:128.2,128.35 1 0
github.com/ikshavaku/catalogue/store/postgres/query.sql.go:128.35,130.3 1 0
github.com/ikshavaku/catalogue/store/postgres/query.sql.go:131.2,131.19 1 0
github.com/ikshavaku/catalogue/store/postgres/query.sql.go:138.60,143.2 4 0
github.com/ikshavaku/catalogue/tests/mocks/mock_service_repo.go:18.125,21.19 2 0
github.com/ikshavaku/catalogue/tests/mocks/mock_service_repo.go:21.19,22.56 1 0
github.com/ikshavaku/catalogue/tests/mocks/mock_service_repo.go:25.2,27.108 3 0
github.com/ikshavaku/catalogue/tests/mocks/mock_service_repo.go:27.108,29.3 1 0
github.com/ikshavaku/catalogue/tests/mocks/mock_service_repo.go:30.2,30.99 1 0
github.com/ikshavaku/catalogue/tests/mocks/mock_service_repo.go:30.99,32.3 1 0
github.com/ikshavaku/catalogue/tests/mocks/mock_service_repo.go:32.8,34.3 1 0
github.com/ikshavaku/catalogue/tests/mocks/mock_service_repo.go:36.2,36.88 1 0
github.com/ikshavaku/catalogue/tests/mocks/mock_service_repo.go:36.88,38.3 1 0
github.com/ikshavaku/catalogue/tests/mocks/mock_service_repo.go:38.8,40.3 1 0
github.com/ikshavaku/catalogue/tests/mocks/mock_service_repo.go:42.2,42.15 1 0
github.com/ikshavaku/catalogue/tests/mocks/mock_service_repo.go:46.155,49.19 2 0
github.com/ikshavaku/catalogue/tests/mocks/mock_service_repo.go:49.19,50.61 1 0
github.com/ikshavaku/catalogue/tests/mocks/mock_service_repo.go:53.2,55.133 3 0
github.com/ikshavaku/catalogue/tests/mocks/mock_service_repo.go:55.133,57.3 1 0
github.com/ikshavaku/catalogue/tests/mocks/mock_service_repo.go:58.2,58.124 1 0
github.com/ikshavaku/catalogue/tests/mocks/mock_service_repo.go:58.124,60.3 1 0
github.com/ikshavaku/catalogue/tests/mocks/mock_service_repo.go:60.8,61.24 1 0
github.com/ikshavaku/catalogue/tests/mocks/mock_service_repo.go:61.24,63.4 1 0
github.com/ikshavaku/catalogue/tests/mocks/mock_service_repo.go:66.2,66.104 1 0
github.com/ikshavaku/catalogue/tests/mocks/mock_service_repo.go:66.104,68.3 1 0
github.com/ikshavaku/catalogue/tests/mocks/mock_service_repo.go:68.8,70.3 1 0
github.com/ikshavaku/catalogue/tests/mocks/mock_service_repo.go:72.2,72.15 1 0
github.com/ikshavaku/catalogue/tests/mocks/mock_service_repo.go:76.146,79.19 2 0
github.com/ikshavaku/catalogue/tests/mocks/mock_service_repo.go:79.19,80.54 1 0
github.com/ikshavaku/catalogue/tests/mocks/mock_service_repo.go:83.2,85.131 3 0
github.com/ikshavaku/catalogue/tests/mocks/mock_service_repo.go:85.131,87.3 1 0
github.com/ikshavaku/catalogue/tests/mocks/mock_service_repo.go:88.2,88.122 1 0
github.com/ikshavaku/catalogue/tests/mocks/mock_service_repo.go:88.122,90.3 1 0
github.com/ikshavaku/catalogue/tests/mocks/mock_service_repo.go:90.8,92.3 1 0
github.com/ikshavaku/catalogue/tests/mocks/mock_service_repo.go:94.2,94.86 1 0
github.com/ikshavaku/catalogue/tests/mocks/mock_service_repo.go:94.86,96.3 1 0
github.com/ikshavaku/catalogue/tests/mocks/mock_service_repo.go:96.8,98.3 1 0
github.com/ikshavaku/catalogue/tests/mocks/mock_service_repo.go:100.2,100.15 1 0
github.com/ikshavaku/catalogue/tests/mocks/mock_service_repo.go:108.24,112.19 3 0
github.com/ikshavaku/catalogue/tests/mocks/mock_service_repo.go:112.19,112.49 1 0
github.com/ikshavaku/catalogue/tests/mocks/mock_service_repo.go:114.2,114.13 1 0
github.com/ikshavaku/catalogue/utils/config.go:33.25,35.23 2 0
github.com/ikshavaku/catalogue/utils/config.go:35.23,37.3 1 0
github.com/ikshavaku/catalogue/utils/config.go:38.2,38.12 1 0
github.com/ikshavaku/catalogue/utils/config.go:41.31,43.2 1 0
github.com/ikshavaku/catalogue/utils/config.go:45.61,47.2 1 0
github.com/ikshavaku/catalogue/utils/gin.go:13.26,18.2 4 0
github.com/ikshavaku/catalogue/utils/gin.go:20.58,22.23 1 0
github.com/ikshavaku/catalogue/utils/gin.go:22.23,22.54 1 0
github.com/ikshavaku/catalogue/utils/gin.go:23.23,23.57 1 0
github.com/ikshavaku/catalogue/utils/gin.go:24.23,24.56 1 0
github.com/ikshavaku/catalogue/utils/gin.go:27.2,27.33 1 0
github.com/ikshavaku/catalogue/utils/gin.go:27.33,28.37 1 0
github.com/ikshavaku/catalogue/utils/gin.go:28.37,30.4 1 0
github.com/ikshavaku/catalogue/utils/gin.go:34.2,34.40 1 0
github.com/ikshavaku/catalogue/utils/gin.go:34.40,35.26 1 0
github.com/ikshavaku/catalogue/utils/gin.go:36.25,37.48 1 0
github.com/ikshavaku/catalogue/utils/gin.go:37.48,40.5 2 0
github.com/ikshavaku/catalogue/utils/gin.go:45.2,45.39 1 0
github.com/ikshavaku/catalogue/utils/gin.go:54.45,55.26 1 0
github.com/ikshavaku/catalogue/utils/gin.go:55.26,59.3 3 0
github.com/ikshavaku/catalogue/utils/gin.go:60.2,60.24 1 0
github.com/ikshavaku/catalogue/utils/gin.go:64.59,65.64 1 0
github.com/ikshavaku/catalogue/utils/gin.go:65.64,66.47 1 0
github.com/ikshavaku/catalogue/utils/gin.go:66.47,68.4 1 0
github.com/ikshavaku/catalogue/utils/gin.go:71.2,71.19 1 0
github.com/ikshavaku/catalogue/tests/unit/fixtures.go:22.62,27.16 2 0
github.com/ikshavaku/catalogue/tests/unit/fixtures.go:27.16,29.3 1 0
github.com/ikshavaku/catalogue/tests/unit/fixtures.go:30.2,30.16 1 0
github.com/ikshavaku/catalogue/tests/unit/fixtures.go:33.47,35.64 2 0
github.com/ikshavaku/catalogue/tests/unit/fixtures.go:35.64,36.28 1 0
github.com/ikshavaku/catalogue/tests/unit/fixtures.go:38.2,40.99 3 0
github.com/ikshavaku/catalogue/tests/unit/fixtures.go:40.99,41.67 1 0
github.com/ikshavaku/catalogue/tests/unit/fixtures.go:45.2,45.17 1 0
github.com/ikshavaku/catalogue/tests/unit/fixtures.go:45.17,48.17 3 0
github.com/ikshavaku/catalogue/tests/unit/fixtures.go:48.17,50.4 1 0
github.com/ikshavaku/catalogue/tests/unit/fixtures.go:53.2,54.16 2 0
github.com/ikshavaku/catalogue/tests/unit/fixtures.go:54.16,56.3 1 0
github.com/ikshavaku/catalogue/tests/unit/fixtures.go:57.2,69.16 6 0
github.com/ikshavaku/catalogue/tests/unit/fixtures.go:69.16,72.3 2 0
github.com/ikshavaku/catalogue/tests/unit/fixtures.go:75.2,75.40 1 0
github.com/ikshavaku/catalogue/tests/unit/fixtures.go:75.40,77.3 1 0
github.com/ikshavaku/catalogue/tests/unit/fixtures.go:78.2,78.48 1 0
github.com/ikshavaku/catalogue/api/provider.go:12.15,18.2 3 0
github.com/ikshavaku/catalogue/api/provider.go:20.78,21.34 1 1
github.com/ikshavaku/catalogue/api/provider.go:21.34,24.3 2 1
github.com/ikshavaku/catalogue/api/provider.go:27.61,28.28 1 1
github.com/ikshavaku/catalogue/api/provider.go:28.28,30.3 1 1
github.com/ikshavaku/catalogue/api/service/controller.go:16.64,18.56 2 1
github.com/ikshavaku/catalogue/api/service/controller.go:18.56,22.3 3 0
github.com/ikshavaku/catalogue/api/service/controller.go:23.2,24.16 2 1
github.com/ikshavaku/catalogue/api/service/controller.go:24.16,28.3 3 0
github.com/ikshavaku/catalogue/api/service/controller.go:29.2,31.32 3 1
github.com/ikshavaku/catalogue/api/service/controller.go:31.32,39.3 1 1
github.com/ikshavaku/catalogue/api/service/controller.go:40.2,44.33 5 1
github.com/ikshavaku/catalogue/api/service/controller.go:46.63,48.56 2 0
github.com/ikshavaku/catalogue/api/service/controller.go:48.56,52.3 3 0
github.com/ikshavaku/catalogue/api/service/controller.go:53.2,54.16 2 0
github.com/ikshavaku/catalogue/api/service/controller.go:54.16,58.3 3 0
github.com/ikshavaku/catalogue/api/service/controller.go:59.2,67.4 1 0
github.com/ikshavaku/catalogue/api/service/controller.go:70.68,72.56 2 0
github.com/ikshavaku/catalogue/api/service/controller.go:72.56,76.3 3 0
github.com/ikshavaku/catalogue/api/service/controller.go:77.2,78.16 2 0
github.com/ikshavaku/catalogue/api/service/controller.go:78.16,82.3 3 0
github.com/ikshavaku/catalogue/api/service/controller.go:83.2,84.32 2 0
github.com/ikshavaku/catalogue/api/service/controller.go:84.32,91.3 1 0
github.com/ikshavaku/catalogue/api/service/controller.go:92.2,95.4 1 0
github.com/ikshavaku/catalogue/api/service/provider.go:5.98,9.2 1 1
github.com/ikshavaku/catalogue/api/service/request.go:11.73,15.2 1 0
github.com/ikshavaku/catalogue/api/service/request.go:21.105,25.2 1 0
github.com/ikshavaku/catalogue/api/service/request.go:33.69,40.21 2 1
github.com/ikshavaku/catalogue/api/service/request.go:40.21,42.3 1 1
github.com/ikshavaku/catalogue/api/service/request.go:44.2,44.42 1 1
github.com/ikshavaku/catalogue/api/service/request.go:44.42,46.3 1 1
github.com/ikshavaku/catalogue/api/service/request.go:47.2,47.15 1 1
github.com/ikshavaku/catalogue/api/service/routes.go:7.72,11.2 3 1
github.com/ikshavaku/catalogue/cmd/app/main.go:13.13,15.16 2 0
github.com/ikshavaku/catalogue/cmd/app/main.go:15.16,17.13 2 0
github.com/ikshavaku/catalogue/cmd/app/main.go:19.2,24.27 6 0
github.com/ikshavaku/catalogue/cmd/app/main.go:27.87,28.12 1 0
github.com/ikshavaku/catalogue/cmd/app/main.go:28.12,30.17 2 0
github.com/ikshavaku/catalogue/cmd/app/main.go:30.17,31.14 1 0
github.com/ikshavaku/catalogue/cmd/app/main.go:33.3,34.11 2 0
github.com/ikshavaku/catalogue/cmd/app/wire_gen.go:19.59,28.2 8 0
github.com/ikshavaku/catalogue/service/provider.go:5.77,9.2 1 1
github.com/ikshavaku/catalogue/service/schemas.go:24.72,28.2 1 0
github.com/ikshavaku/catalogue/service/schemas.go:34.104,38.2 1 0
github.com/ikshavaku/catalogue/service/schemas.go:65.68,73.2 1 1
github.com/ikshavaku/catalogue/service/service.go:13.50,21.2 1 1
github.com/ikshavaku/catalogue/service/service.go:23.71,31.2 1 0
github.com/ikshavaku/catalogue/service/service.go:33.116,35.16 2 1
github.com/ikshavaku/catalogue/service/service.go:35.16,37.3 1 0
github.com/ikshavaku/catalogue/service/service.go:38.2,39.29 2 1
github.com/ikshavaku/catalogue/service/service.go:39.29,41.3 1 1
github.com/ikshavaku/catalogue/service/service.go:42.2,47.8 1 1
github.com/ikshavaku/catalogue/service/service.go:50.122,52.16 2 0
github.com/ikshavaku/catalogue/service/service.go:52.16,54.3 1 0
github.com/ikshavaku/catalogue/service/service.go:55.2,57.8 1 0
github.com/ikshavaku/catalogue/service/service.go:60.159,62.16 2 0
github.com/ikshavaku/catalogue/service/service.go:62.16,64.3 1 0
github.com/ikshavaku/catalogue/service/service.go:65.2,66.24 2 0
github.com/ikshavaku/catalogue/service/service.go:66.24,68.3 1 0
github.com/ikshavaku/catalogue/service/service.go:69.2,72.8 1 0
github.com/ikshavaku/catalogue/store/postgres/db.go:20.28,22.2 1 1
github.com/ikshavaku/catalogue/store/postgres/db.go:28.46,32.2 1 0
github.com/ikshavaku/catalogue/store/postgres/mappers.go:9.44,18.2 1 1
github.com/ikshavaku/catalogue/store/postgres/mappers.go:20.58,28.2 1 0
github.com/ikshavaku/catalogue/store/postgres/provider.go:12.63,14.16 2 1
github.com/ikshavaku/catalogue/store/postgres/provider.go:14.16,17.13 1 0
github.com/ikshavaku/catalogue/store/postgres/provider.go:19.2,19.13 1 1
github.com/ikshavaku/catalogue/store/postgres/provider.go:22.66,24.2 1 1
github.com/ikshavaku/catalogue/store/postgres/provider.go:29.51,31.2 1 0
github.com/ikshavaku/catalogue/store/postgres/provider.go:33.64,35.2 1 1
github.com/ikshavaku/catalogue/store/postgres/query.sql.go:21.93,26.2 4 1
github.com/ikshavaku/catalogue/store/postgres/query.sql.go:37.82,49.2 4 0
github.com/ikshavaku/catalogue/store/postgres/query.sql.go:60.114,62.16 2 0
github.com/ikshavaku/catalogue/store/postgres/query.sql.go:62.16,64.3 1 0
github.com/ikshavaku/catalogue/store/postgres/query.sql.go:65.2,67.18 3 0
github.com/ikshavaku/catalogue/store/postgres/query.sql.go:67.18,75.17 2 0
github.com/ikshavaku/catalogue/store/postgres/query.sql.go:75.17,77.4 1 0
github.com/ikshavaku/catalogue/store/postgres/query.sql.go:78.3,78.27 1 0
github.com/ikshavaku/catalogue/store/postgres/query.sql.go:80.2,80.35 1 0
github.com/ikshavaku/catalogue/store/postgres/query.sql.go:80.35,82.3 1 0
github.com/ikshavaku/catalogue/store/postgres/query.sql.go:83.2,83.19 1 0
github.com/ikshavaku/catalogue/store/postgres/query.sql.go:107.96,109.16 2 1
github.com/ikshavaku/catalogue/store/postgres/query.sql.go:109.16,111.3 1 0
github.com/ikshavaku/catalogue/store/postgres/query.sql.go:112.2,114.18 3 1
github.com/ikshavaku/catalogue/store/postgres/query.sql.go:114.18,123.17 2 1
github.com/ikshavaku/catalogue/store/postgres/query.sql.go:123.17,125.4 1 0
github.com/ikshavaku/catalogue/store/postgres/query.sql.go:126.3,126.27 1 1
github.com/ikshavaku/catalogue/store/postgres/query.sql.go:128.2,128.35 1 1
github.com/ikshavaku/catalogue/store/postgres/query.sql.go:128.35,130.3 1 0
github.com/ikshavaku/catalogue/store/postgres/query.sql.go:131.2,131.19 1 1
github.com/ikshavaku/catalogue/store/postgres/query.sql.go:138.60,143.2 4 0
github.com/ikshavaku/catalogue/store/postgres/repositories/provider.go:5.73,9.2 1 1
github.com/ikshavaku/catalogue/store/postgres/repositories/service_repository.go:18.148,21.24 2 1
github.com/ikshavaku/catalogue/store/postgres/repositories/service_repository.go:21.24,23.3 1 1
github.com/ikshavaku/catalogue/store/postgres/repositories/service_repository.go:24.2,29.16 3 1
github.com/ikshavaku/catalogue/store/postgres/repositories/service_repository.go:29.16,31.3 1 0
github.com/ikshavaku/catalogue/store/postgres/repositories/service_repository.go:32.2,35.14 3 1
github.com/ikshavaku/catalogue/store/postgres/repositories/service_repository.go:35.14,37.3 1 0
github.com/ikshavaku/catalogue/store/postgres/repositories/service_repository.go:38.2,48.16 5 1
github.com/ikshavaku/catalogue/store/postgres/repositories/service_repository.go:48.16,50.3 1 0
github.com/ikshavaku/catalogue/store/postgres/repositories/service_repository.go:51.2,52.25 2 1
github.com/ikshavaku/catalogue/store/postgres/repositories/service_repository.go:52.25,54.3 1 1
github.com/ikshavaku/catalogue/store/postgres/repositories/service_repository.go:55.2,62.8 2 1
github.com/ikshavaku/catalogue/store/postgres/repositories/service_repository.go:65.127,67.16 2 0
github.com/ikshavaku/catalogue/store/postgres/repositories/service_repository.go:67.16,70.3 2 0
github.com/ikshavaku/catalogue/store/postgres/repositories/service_repository.go:71.2,72.16 2 0
github.com/ikshavaku/catalogue/store/postgres/repositories/service_repository.go:72.16,74.3 1 0
github.com/ikshavaku/catalogue/store/postgres/repositories/service_repository.go:75.2,75.25 1 0
github.com/ikshavaku/catalogue/store/postgres/repositories/service_repository.go:78.157,80.16 2 0
github.com/ikshavaku/catalogue/store/postgres/repositories/service_repository.go:80.16,83.3 2 0
github.com/ikshavaku/catalogue/store/postgres/repositories/service_repository.go:84.2,85.16 2 0
github.com/ikshavaku/catalogue/store/postgres/repositories/service_repository.go:85.16,87.3 1 0
github.com/ikshavaku/catalogue/store/postgres/repositories/service_repository.go:88.2,89.24 2 0
github.com/ikshavaku/catalogue/store/postgres/repositories/service_repository.go:89.24,91.3 1 0
github.com/ikshavaku/catalogue/store/postgres/repositories/service_repository.go:92.2,92.18 1 0
github.com/ikshavaku/catalogue/tests/helpers.go:13.42,17.2 3 1
github.com/ikshavaku/catalogue/tests/helpers.go:19.101,22.26 3 1
github.com/ikshavaku/catalogue/tests/helpers.go:23.14,24.18 1 0
github.com/ikshavaku/catalogue/tests/helpers.go:25.14,26.26 1 0
github.com/ikshavaku/catalogue/tests/helpers.go:27.10,28.40 1 1
github.com/ikshavaku/catalogue/tests/helpers.go:31.2,31.16 1 1
github.com/ikshavaku/catalogue/tests/helpers.go:31.16,33.3 1 0
github.com/ikshavaku/catalogue/tests/helpers.go:34.2,35.16 2 1
github.com/ikshavaku/catalogue/tests/helpers.go:35.16,37.3 1 0
github.com/ikshavaku/catalogue/tests/helpers.go:38.2,39.32 2 1
github.com/ikshavaku/catalogue/tests/helpers.go:39.32,41.3 1 0
github.com/ikshavaku/catalogue/tests/helpers.go:42.2,42.21 1 1
github.com/ikshavaku/catalogue/tests/helpers.go:45.57,47.2 1 1
github.com/ikshavaku/catalogue/tests/integration/fixtures.go:22.62,27.16 2 1
github.com/ikshavaku/catalogue/tests/integration/fixtures.go:27.16,29.3 1 0
github.com/ikshavaku/catalogue/tests/integration/fixtures.go:30.2,30.16 1 1
github.com/ikshavaku/catalogue/tests/integration/fixtures.go:33.47,35.64 2 1
github.com/ikshavaku/catalogue/tests/integration/fixtures.go:35.64,36.28 1 0
github.com/ikshavaku/catalogue/tests/integration/fixtures.go:38.2,40.99 3 1
github.com/ikshavaku/catalogue/tests/integration/fixtures.go:40.99,41.67 1 0
github.com/ikshavaku/catalogue/tests/integration/fixtures.go:45.2,45.17 1 1
github.com/ikshavaku/catalogue/tests/integration/fixtures.go:45.17,48.17 3 1
github.com/ikshavaku/catalogue/tests/integration/fixtures.go:48.17,50.4 1 0
github.com/ikshavaku/catalogue/tests/integration/fixtures.go:53.2,54.16 2 1
github.com/ikshavaku/catalogue/tests/integration/fixtures.go:54.16,56.3 1 0
github.com/ikshavaku/catalogue/tests/integration/fixtures.go:57.2,69.16 6 1
github.com/ikshavaku/catalogue/tests/integration/fixtures.go:69.16,72.3 2 0
github.com/ikshavaku/catalogue/tests/integration/fixtures.go:75.2,75.40 1 1
github.com/ikshavaku/catalogue/tests/integration/fixtures.go:75.40,77.3 1 0
github.com/ikshavaku/catalogue/tests/integration/fixtures.go:78.2,78.48 1 1
github.com/ikshavaku/catalogue/tests/integration/setup_test_suite.go:29.44,44.2 14 1
github.com/ikshavaku/catalogue/tests/integration/setup_test_suite.go:46.118,53.2 4 1
github.com/ikshavaku/catalogue/tests/integration/setup_test_suite.go:55.57,58.2 2 1
github.com/ikshavaku/catalogue/tests/integration/test_service_api.go:10.70,22.2 10 1
github.com/ikshavaku/catalogue/tests/integration/test_service_api.go:24.71,34.2 8 1
github.com/ikshavaku/catalogue/tests/integration/test_service_api.go:36.73,46.40 9 1
github.com/ikshavaku/catalogue/tests/integration/test_service_api.go:46.40,48.3 1 1
github.com/ikshavaku/catalogue/tests/integration/test_service_api.go:51.69,62.2 9 1
github.com/ikshavaku/catalogue/tests/integration/test_service_api.go:64.69,75.2 8 1
github.com/ikshavaku/catalogue/tests/integration/test_service_api.go:77.68,86.67 8 1
github.com/ikshavaku/catalogue/tests/integration/test_service_api.go:86.67,88.3 1 1
github.com/ikshavaku/catalogue/tests/mocks/mock_service_repo.go:18.125,21.19 2 0
github.com/ikshavaku/catalogue/tests/mocks/mock_service_repo.go:21.19,22.56 1 0
github.com/ikshavaku/catalogue/tests/mocks/mock_service_repo.go:25.2,27.108 3 0
github.com/ikshavaku/catalogue/tests/mocks/mock_service_repo.go:27.108,29.3 1 0
github.com/ikshavaku/catalogue/tests/mocks/mock_service_repo.go:30.2,30.99 1 0
github.com/ikshavaku/catalogue/tests/mocks/mock_service_repo.go:30.99,32.3 1 0
github.com/ikshavaku/catalogue/tests/mocks/mock_service_repo.go:32.8,34.3 1 0
github.com/ikshavaku/catalogue/tests/mocks/mock_service_repo.go:36.2,36.88 1 0
github.com/ikshavaku/catalogue/tests/mocks/mock_service_repo.go:36.88,38.3 1 0
github.com/ikshavaku/catalogue/tests/mocks/mock_service_repo.go:38.8,40.3 1 0
github.com/ikshavaku/catalogue/tests/mocks/mock_service_repo.go:42.2,42.15 1 0
github.com/ikshavaku/catalogue/tests/mocks/mock_service_repo.go:46.155,49.19 2 0
github.com/ikshavaku/catalogue/tests/mocks/mock_service_repo.go:49.19,50.61 1 0
github.com/ikshavaku/catalogue/tests/mocks/mock_service_repo.go:53.2,55.133 3 0
github.com/ikshavaku/catalogue/tests/mocks/mock_service_repo.go:55.133,57.3 1 0
github.com/ikshavaku/catalogue/tests/mocks/mock_service_repo.go:58.2,58.124 1 0
github.com/ikshavaku/catalogue/tests/mocks/mock_service_repo.go:58.124,60.3 1 0
github.com/ikshavaku/catalogue/tests/mocks/mock_service_repo.go:60.8,61.24 1 0
github.com/ikshavaku/catalogue/tests/mocks/mock_service_repo.go:61.24,63.4 1 0
github.com/ikshavaku/catalogue/tests/mocks/mock_service_repo.go:66.2,66.104 1 0
github.com/ikshavaku/catalogue/tests/mocks/mock_service_repo.go:66.104,68.3 1 0
github.com/ikshavaku/catalogue/tests/mocks/mock_service_repo.go:68.8,70.3 1 0
github.com/ikshavaku/catalogue/tests/mocks/mock_service_repo.go:72.2,72.15 1 0
github.com/ikshavaku/catalogue/tests/mocks/mock_service_repo.go:76.146,79.19 2 0
github.com/ikshavaku/catalogue/tests/mocks/mock_service_repo.go:79.19,80.54 1 0
github.com/ikshavaku/catalogue/tests/mocks/mock_service_repo.go:83.2,85.131 3 0
github.com/ikshavaku/catalogue/tests/mocks/mock_service_repo.go:85.131,87.3 1 0
github.com/ikshavaku/catalogue/tests/mocks/mock_service_repo.go:88.2,88.122 1 0
github.com/ikshavaku/catalogue/tests/mocks/mock_service_repo.go:88.122,90.3 1 0
github.com/ikshavaku/catalogue/tests/mocks/mock_service_repo.go:90.8,92.3 1 0
github.com/ikshavaku/catalogue/tests/mocks/mock_service_repo.go:94.2,94.86 1 0
github.com/ikshavaku/catalogue/tests/mocks/mock_service_repo.go:94.86,96.3 1 0
github.com/ikshavaku/catalogue/tests/mocks/mock_service_repo.go:96.8,98.3 1 0
github.com/ikshavaku/catalogue/tests/mocks/mock_service_repo.go:100.2,100.15 1 0
github.com/ikshavaku/catalogue/tests/mocks/mock_service_repo.go:108.24,112.19 3 0
github.com/ikshavaku/catalogue/tests/mocks/mock_service_repo.go:112.19,112.49 1 0
github.com/ikshavaku/catalogue/tests/mocks/mock_service_repo.go:114.2,114.13 1 0
github.com/ikshavaku/catalogue/tests/unit/fixtures.go:22.62,27.16 2 0
github.com/ikshavaku/catalogue/tests/unit/fixtures.go:27.16,29.3 1 0
github.com/ikshavaku/catalogue/tests/unit/fixtures.go:30.2,30.16 1 0
github.com/ikshavaku/catalogue/tests/unit/fixtures.go:33.47,35.64 2 0
github.com/ikshavaku/catalogue/tests/unit/fixtures.go:35.64,36.28 1 0
github.com/ikshavaku/catalogue/tests/unit/fixtures.go:38.2,40.99 3 0
github.com/ikshavaku/catalogue/tests/unit/fixtures.go:40.99,41.67 1 0
github.com/ikshavaku/catalogue/tests/unit/fixtures.go:45.2,45.17 1 0
github.com/ikshavaku/catalogue/tests/unit/fixtures.go:45.17,48.17 3 0
github.com/ikshavaku/catalogue/tests/unit/fixtures.go:48.17,50.4 1 0
github.com/ikshavaku/catalogue/tests/unit/fixtures.go:53.2,54.16 2 0
github.com/ikshavaku/catalogue/tests/unit/fixtures.go:54.16,56.3 1 0
github.com/ikshavaku/catalogue/tests/unit/fixtures.go:57.2,69.16 6 0
github.com/ikshavaku/catalogue/tests/unit/fixtures.go:69.16,72.3 2 0
github.com/ikshavaku/catalogue/tests/unit/fixtures.go:75.2,75.40 1 0
github.com/ikshavaku/catalogue/tests/unit/fixtures.go:75.40,77.3 1 0
github.com/ikshavaku/catalogue/tests/unit/fixtures.go:78.2,78.48 1 0
github.com/ikshavaku/catalogue/tests/unit/service/mocks.go:15.91,18.2 2 0
github.com/ikshavaku/catalogue/tests/unit/service/mocks.go:20.121,23.2 2 0
github.com/ikshavaku/catalogue/tests/unit/service/mocks.go:25.95,28.2 2 0
github.com/ikshavaku/catalogue/tests/unit/service/mocks.go:30.120,33.2 2 0
github.com/ikshavaku/catalogue/tests/unit/service/setup_test_suite.go:21.44,30.2 8 0
github.com/ikshavaku/catalogue/tests/unit/service/test_service.go:14.59,35.2 9 0
github.com/ikshavaku/catalogue/tests/unit/service/test_service.go:37.63,54.2 8 0
github.com/ikshavaku/catalogue/tests/unit/service/test_service.go:56.57,68.2 8 0
github.com/ikshavaku/catalogue/tests/unit/service/test_service.go:72.61,85.2 8 0
github.com/ikshavaku/catalogue/tests/unit/service/test_service.go:87.62,99.2 8 0
github.com/ikshavaku/catalogue/tests/unit/service/test_service.go:103.66,121.2 10 0
github.com/ikshavaku/catalogue/tests/unit/service/test_service.go:123.64,134.2 7 0
github.com/ikshavaku/catalogue/tests/unit/service/test_service.go:136.64,148.2 8 0
github.com/ikshavaku/catalogue/utils/config.go:33.25,35.23 2 1
github.com/ikshavaku/catalogue/utils/config.go:35.23,37.3 1 1
github.com/ikshavaku/catalogue/utils/config.go:38.2,38.12 1 1
github.com/ikshavaku/catalogue/utils/config.go:41.31,43.2 1 1
github.com/ikshavaku/catalogue/utils/config.go:45.61,47.2 1 1
github.com/ikshavaku/catalogue/utils/gin.go:13.26,18.2 4 1
github.com/ikshavaku/catalogue/utils/gin.go:20.58,22.23 1 1
github.com/ikshavaku/catalogue/utils/gin.go:22.23,22.54 1 1
github.com/ikshavaku/catalogue/utils/gin.go:23.23,23.57 1 1
github.com/ikshavaku/catalogue/utils/gin.go:24.23,24.56 1 1
github.com/ikshavaku/catalogue/utils/gin.go:27.2,27.33 1 1
github.com/ikshavaku/catalogue/utils/gin.go:27.33,28.37 1 1
github.com/ikshavaku/catalogue/utils/gin.go:28.37,30.4 1 0
github.com/ikshavaku/catalogue/utils/gin.go:34.2,34.40 1 1
github.com/ikshavaku/catalogue/utils/gin.go:34.40,35.26 1 0
github.com/ikshavaku/catalogue/utils/gin.go:36.25,37.48 1 0
github.com/ikshavaku/catalogue/utils/gin.go:37.48,40.5 2 0
github.com/ikshavaku/catalogue/utils/gin.go:45.2,45.39 1 1
github.com/ikshavaku/catalogue/utils/gin.go:54.45,55.26 1 1
github.com/ikshavaku/catalogue/utils/gin.go:55.26,59.3 3 1
github.com/ikshavaku/catalogue/utils/gin.go:60.2,60.24 1 1
github.com/ikshavaku/catalogue/utils/gin.go:64.59,65.64 1 1
github.com/ikshavaku/catalogue/utils/gin.go:65.64,66.47 1 1
github.com/ikshavaku/catalogue/utils/gin.go:66.47,68.4 1 1
github.com/ikshavaku/catalogue/utils/gin.go:71.2,71.19 1 0
github.com/ikshavaku/catalogue/api/provider.go:12.15,18.2 3 0
github.com/ikshavaku/catalogue/api/provider.go:20.78,21.34 1 0
github.com/ikshavaku/catalogue/api/provider.go:21.34,24.3 2 0
github.com/ikshavaku/catalogue/api/provider.go:27.61,28.28 1 0
github.com/ikshavaku/catalogue/api/provider.go:28.28,30.3 1 0
github.com/ikshavaku/catalogue/api/service/controller.go:16.64,18.56 2 0
github.com/ikshavaku/catalogue/api/service/controller.go:18.56,22.3 3 0
github.com/ikshavaku/catalogue/api/service/controller.go:23.2,24.16 2 0
github.com/ikshavaku/catalogue/api/service/controller.go:24.16,28.3 3 0
github.com/ikshavaku/catalogue/api/service/controller.go:29.2,31.32 3 0
github.com/ikshavaku/catalogue/api/service/controller.go:31.32,39.3 1 0
github.com/ikshavaku/catalogue/api/service/controller.go:40.2,44.33 5 0
github.com/ikshavaku/catalogue/api/service/controller.go:46.63,48.56 2 0
github.com/ikshavaku/catalogue/api/service/controller.go:48.56,52.3 3 0
github.com/ikshavaku/catalogue/api/service/controller.go:53.2,54.16 2 0
github.com/ikshavaku/catalogue/api/service/controller.go:54.16,58.3 3 0
github.com/ikshavaku/catalogue/api/service/controller.go:59.2,67.4 1 0
github.com/ikshavaku/catalogue/api/service/controller.go:70.68,72.56 2 0
github.com/ikshavaku/catalogue/api/service/controller.go:72.56,76.3 3 0
github.com/ikshavaku/catalogue/api/service/controller.go:77.2,78.16 2 0
github.com/ikshavaku/catalogue/api/service/controller.go:78.16,82.3 3 0
github.com/ikshavaku/catalogue/api/service/controller.go:83.2,84.32 2 0
github.com/ikshavaku/catalogue/api/service/controller.go:84.32,91.3 1 0
github.com/ikshavaku/catalogue/api/service/controller.go:92.2,95.4 1 0
github.com/ikshavaku/catalogue/api/service/provider.go:5.98,9.2 1 0
github.com/ikshavaku/catalogue/api/service/request.go:11.73,15.2 1 0
github.com/ikshavaku/catalogue/api/service/request.go:21.105,25.2 1 0
github.com/ikshavaku/catalogue/api/service/request.go:33.69,40.21 2 0
github.com/ikshavaku/catalogue/api/service/request.go:40.21,42.3 1 0
github.com/ikshavaku/catalogue/api/service/request.go:44.2,44.42 1 0
github.com/ikshavaku/catalogue/api/service/request.go:44.42,46.3 1 0
github.com/ikshavaku/catalogue/api/service/request.go:47.2,47.15 1 0
github.com/ikshavaku/catalogue/api/service/routes.go:7.72,11.2 3 0
github.com/ikshavaku/catalogue/cmd/app/main.go:13.13,15.16 2 0
github.com/ikshavaku/catalogue/cmd/app/main.go:15.16,17.13 2 0
github.com/ikshavaku/catalogue/cmd/app/main.go:19.2,24.27 6 0
github.com/ikshavaku/catalogue/cmd/app/main.go:27.87,28.12 1 0
github.com/ikshavaku/catalogue/cmd/app/main.go:28.12,30.17 2 0
github.com/ikshavaku/catalogue/cmd/app/main.go:30.17,31.14 1 0
github.com/ikshavaku/catalogue/cmd/app/main.go:33.3,34.11 2 0
github.com/ikshavaku/catalogue/cmd/app/wire_gen.go:19.59,28.2 8 0
github.com/ikshavaku/catalogue/service/provider.go:5.77,9.2 1 1
github.com/ikshavaku/catalogue/service/schemas.go:24.72,28.2 1 1
github.com/ikshavaku/catalogue/service/schemas.go:34.104,38.2 1 1
github.com/ikshavaku/catalogue/service/schemas.go:65.68,73.2 1 1
github.com/ikshavaku/catalogue/service/service.go:13.50,21.2 1 1
github.com/ikshavaku/catalogue/service/service.go:23.71,31.2 1 1
github.com/ikshavaku/catalogue/service/service.go:33.116,35.16 2 1
github.com/ikshavaku/catalogue/service/service.go:35.16,37.3 1 1
github.com/ikshavaku/catalogue/service/service.go:38.2,39.29 2 1
github.com/ikshavaku/catalogue/service/service.go:39.29,41.3 1 1
github.com/ikshavaku/catalogue/service/service.go:42.2,47.8 1 1
github.com/ikshavaku/catalogue/service/service.go:50.122,52.16 2 1
github.com/ikshavaku/catalogue/service/service.go:52.16,54.3 1 1
github.com/ikshavaku/catalogue/service/service.go:55.2,57.8 1 1
github.com/ikshavaku/catalogue/service/service.go:60.159,62.16 2 1
github.com/ikshavaku/catalogue/service/service.go:62.16,64.3 1 1
github.com/ikshavaku/catalogue/service/service.go:65.2,66.24 2 1
github.com/ikshavaku/catalogue/service/service.go:66.24,68.3 1 1
github.com/ikshavaku/catalogue/service/service.go:69.2,72.8 1 1
github.com/ikshavaku/catalogue/store/postgres/db.go:20.28,22.2 1 0
github.com/ikshavaku/catalogue/store/postgres/db.go:28.46,32.2 1 0
github.com/ikshavaku/catalogue/store/postgres/mappers.go:9.44,18.2 1 0
github.com/ikshavaku/catalogue/store/postgres/mappers.go:20.58,28.2 1 0
github.com/ikshavaku/catalogue/store/postgres/provider.go:12.63,14.16 2 0
github.com/ikshavaku/catalogue/store/postgres/provider.go:14.16,17.13 1 0
github.com/ikshavaku/catalogue/store/postgres/provider.go:19.2,19.13 1 0
github.com/ikshavaku/catalogue/store/postgres/provider.go:22.66,24.2 1 0
github.com/ikshavaku/catalogue/store/postgres/provider.go:29.51,31.2 1 0
github.com/ikshavaku/catalogue/store/postgres/provider.go:33.64,35.2 1 0
github.com/ikshavaku/catalogue/store/postgres/query.sql.go:21.93,26.2 4 0
github.com/ikshavaku/catalogue/store/postgres/query.sql.go:37.82,49.2 4 0
github.com/ikshavaku/catalogue/store/postgres/query.sql.go:60.114,62.16 2 0
github.com/ikshavaku/catalogue/store/postgres/query.sql.go:62.16,64.3 1 0
github.com/ikshavaku/catalogue/store/postgres/query.sql.go:65.2,67.18 3 0
github.com/ikshavaku/catalogue/store/postgres/query.sql.go:67.18,75.17 2 0
github.com/ikshavaku/catalogue/store/postgres/query.sql.go:75.17,77.4 1 0
github.com/ikshavaku/catalogue/store/postgres/query.sql.go:78.3,78.27 1 0
github.com/ikshavaku/catalogue/store/postgres/query.sql.go:80.2,80.35 1 0
github.com/ikshavaku/catalogue/store/postgres/query.sql.go:80.35,82.3 1 0
github.com/ikshavaku/catalogue/store/postgres/query.sql.go:83.2,83.19 1 0
github.com/ikshavaku/catalogue/store/postgres/query.sql.go:107.96,109.16 2 0
github.com/ikshavaku/catalogue/store/postgres/query.sql.go:109.16,111.3 1 0
github.com/ikshavaku/catalogue/store/postgres/query.sql.go:112.2,114.18 3 0
github.com/ikshavaku/catalogue/store/postgres/query.sql.go:114.18,123.17 2 0
github.com/ikshavaku/catalogue/store/postgres/query.sql.go:123.17,125.4 1 0
github.com/ikshavaku/catalogue/store/postgres/query.sql.go:126.3,126.27 1 0
github.com/ikshavaku/catalogue/store/postgres/query.sql.go:128.2,128.35 1 0
github.com/ikshavaku/catalogue/store/postgres/query.sql.go:128.35,130.3 1 0
github.com/ikshavaku/catalogue/store/postgres/query.sql.go:131.2,131.19 1 0
github.com/ikshavaku/catalogue/store/postgres/query.sql.go:138.60,143.2 4 0
github.com/ikshavaku/catalogue/store/postgres/repositories/provider.go:5.73,9.2 1 0
github.com/ikshavaku/catalogue/store/postgres/repositories/service_repository.go:18.148,21.24 2 0
github.com/ikshavaku/catalogue/store/postgres/repositories/service_repository.go:21.24,23.3 1 0
github.com/ikshavaku/catalogue/store/postgres/repositories/service_repository.go:24.2,29.16 3 0
github.com/ikshavaku/catalogue/store/postgres/repositories/service_repository.go:29.16,31.3 1 0
github.com/ikshavaku/catalogue/store/postgres/repositories/service_repository.go:32.2,35.14 3 0
github.com/ikshavaku/catalogue/store/postgres/repositories/service_repository.go:35.14,37.3 1 0
github.com/ikshavaku/catalogue/store/postgres/repositories/service_repository.go:38.2,48.16 5 0
github.com/ikshavaku/catalogue/store/postgres/repositories/service_repository.go:48.16,50.3 1 0
github.com/ikshavaku/catalogue/store/postgres/repositories/service_repository.go:51.2,52.25 2 0
github.com/ikshavaku/catalogue/store/postgres/repositories/service_repository.go:52.25,54.3 1 0
github.com/ikshavaku/catalogue/store/postgres/repositories/service_repository.go:55.2,62.8 2 0
github.com/ikshavaku/catalogue/store/postgres/repositories/service_repository.go:65.127,67.16 2 0
github.com/ikshavaku/catalogue/store/postgres/repositories/service_repository.go:67.16,70.3 2 0
github.com/ikshavaku/catalogue/store/postgres/repositories/service_repository.go:71.2,72.16 2 0
github.com/ikshavaku/catalogue/store/postgres/repositories/service_repository.go:72.16,74.3 1 0
github.com/ikshavaku/catalogue/store/postgres/repositories/service_repository.go:75.2,75.25 1 0
github.com/ikshavaku/catalogue/store/postgres/repositories/service_repository.go:78.157,80.16 2 0
github.com/ikshavaku/catalogue/store/postgres/repositories/service_repository.go:80.16,83.3 2 0
github.com/ikshavaku/catalogue/store/postgres/repositories/service_repository.go:84.2,85.16 2 0
github.com/ikshavaku/catalogue/store/postgres/repositories/service_repository.go:85.16,87.3 1 0
github.com/ikshavaku/catalogue/store/postgres/repositories/service_repository.go:88.2,89.24 2 0
github.com/ikshavaku/catalogue/store/postgres/repositories/service_repository.go:89.24,91.3 1 0
github.com/ikshavaku/catalogue/store/postgres/repositories/service_repository.go:92.2,92.18 1 0
github.com/ikshavaku/catalogue/tests/helpers.go:13.42,17.2 3 1
github.com/ikshavaku/catalogue/tests/helpers.go:19.101,22.26 3 0
github.com/ikshavaku/catalogue/tests/helpers.go:23.14,24.18 1 0
github.com/ikshavaku/catalogue/tests/helpers.go:25.14,26.26 1 0
github.com/ikshavaku/catalogue/tests/helpers.go:27.10,28.40 1 0
github.com/ikshavaku/catalogue/tests/helpers.go:31.2,31.16 1 0
github.com/ikshavaku/catalogue/tests/helpers.go:31.16,33.3 1 0
github.com/ikshavaku/catalogue/tests/helpers.go:34.2,35.16 2 0
github.com/ikshavaku/catalogue/tests/helpers.go:35.16,37.3 1 0
github.com/ikshavaku/catalogue/tests/helpers.go:38.2,39.32 2 0
github.com/ikshavaku/catalogue/tests/helpers.go:39.32,41.3 1 0
github.com/ikshavaku/catalogue/tests/helpers.go:42.2,42.21 1 0
github.com/ikshavaku/catalogue/tests/helpers.go:45.57,47.2 1 0
github.com/ikshavaku/catalogue/tests/integration/fixtures.go:22.62,27.16 2 0
github.com/ikshavaku/catalogue/tests/integration/fixtures.go:27.16,29.3 1 0
github.com/ikshavaku/catalogue/tests/integration/fixtures.go:30.2,30.16 1 0
github.com/ikshavaku/catalogue/tests/integration/fixtures.go:33.47,35.64 2 0
github.com/ikshavaku/catalogue/tests/integration/fixtures.go:35.64,36.28 1 0
github.com/ikshavaku/catalogue/tests/integration/fixtures.go:38.2,40.99 3 0
github.com/ikshavaku/catalogue/tests/integration/fixtures.go:40.99,41.67 1 0
github.com/ikshavaku/catalogue/tests/integration/fixtures.go:45.2,45.17 1 0
github.com/ikshavaku/catalogue/tests/integration/fixtures.go:45.17,48.17 3 0
github.com/ikshavaku/catalogue/tests/integration/fixtures.go:48.17,50.4 1 0
github.com/ikshavaku/catalogue/tests/integration/fixtures.go:53.2,54.16 2 0
github.com/ikshavaku/catalogue/tests/integration/fixtures.go:54.16,56.3 1 0
github.com/ikshavaku/catalogue/tests/integration/fixtures.go:57.2,69.16 6 0
github.com/ikshavaku/catalogue/tests/integration/fixtures.go:69.16,72.3 2 0
github.com/ikshavaku/catalogue/tests/integration/fixtures.go:75.2,75.40 1 0
github.com/ikshavaku/catalogue/tests/integration/fixtures.go:75.40,77.3 1 0
github.com/ikshavaku/catalogue/tests/integration/fixtures.go:78.2,78.48 1 0
github.com/ikshavaku/catalogue/tests/integration/setup_test_suite.go:29.44,44.2 14 0
github.com/ikshavaku/catalogue/tests/integration/setup_test_suite.go:46.118,53.2 4 0
github.com/ikshavaku/catalogue/tests/integration/setup_test_suite.go:55.57,58.2 2 0
github.com/ikshavaku/catalogue/tests/integration/test_service_api.go:10.70,22.2 10 0
github.com/ikshavaku/catalogue/tests/integration/test_service_api.go:24.71,34.2 8 0
github.com/ikshavaku/catalogue/tests/integration/test_service_api.go:36.73,46.40 9 0
github.com/ikshavaku/catalogue/tests/integration/test_service_api.go:46.40,48.3 1 0
github.com/ikshavaku/catalogue/tests/integration/test_service_api.go:51.69,62.2 9 0
github.com/ikshavaku/catalogue/tests/integration/test_service_api.go:64.69,75.2 8 0
github.com/ikshavaku/catalogue/tests/integration/test_service_api.go:77.68,86.67 8 0
github.com/ikshavaku/catalogue/tests/integration/test_service_api.go:86.67,88.3 1 0
github.com/ikshavaku/catalogue/tests/mocks/mock_service_repo.go:18.125,21.19 2 1
github.com/ikshavaku/catalogue/tests/mocks/mock_service_repo.go:21.19,22.56 1 0
github.com/ikshavaku/catalogue/tests/mocks/mock_service_repo.go:25.2,27.108 3 1
github.com/ikshavaku/catalogue/tests/mocks/mock_service_repo.go:27.108,29.3 1 0
github.com/ikshavaku/catalogue/tests/mocks/mock_service_repo.go:30.2,30.99 1 1
github.com/ikshavaku/catalogue/tests/mocks/mock_service_repo.go:30.99,32.3 1 0
github.com/ikshavaku/catalogue/tests/mocks/mock_service_repo.go:32.8,34.3 1 1
github.com/ikshavaku/catalogue/tests/mocks/mock_service_repo.go:36.2,36.88 1 1
github.com/ikshavaku/catalogue/tests/mocks/mock_service_repo.go:36.88,38.3 1 0
github.com/ikshavaku/catalogue/tests/mocks/mock_service_repo.go:38.8,40.3 1 1
github.com/ikshavaku/catalogue/tests/mocks/mock_service_repo.go:42.2,42.15 1 1
github.com/ikshavaku/catalogue/tests/mocks/mock_service_repo.go:46.155,49.19 2 1
github.com/ikshavaku/catalogue/tests/mocks/mock_service_repo.go:49.19,50.61 1 0
github.com/ikshavaku/catalogue/tests/mocks/mock_service_repo.go:53.2,55.133 3 1
github.com/ikshavaku/catalogue/tests/mocks/mock_service_repo.go:55.133,57.3 1 0
github.com/ikshavaku/catalogue/tests/mocks/mock_service_repo.go:58.2,58.124 1 1
github.com/ikshavaku/catalogue/tests/mocks/mock_service_repo.go:58.124,60.3 1 0
github.com/ikshavaku/catalogue/tests/mocks/mock_service_repo.go:60.8,61.24 1 1
github.com/ikshavaku/catalogue/tests/mocks/mock_service_repo.go:61.24,63.4 1 1
github.com/ikshavaku/catalogue/tests/mocks/mock_service_repo.go:66.2,66.104 1 1
github.com/ikshavaku/catalogue/tests/mocks/mock_service_repo.go:66.104,68.3 1 0
github.com/ikshavaku/catalogue/tests/mocks/mock_service_repo.go:68.8,70.3 1 1
github.com/ikshavaku/catalogue/tests/mocks/mock_service_repo.go:72.2,72.15 1 1
github.com/ikshavaku/catalogue/tests/mocks/mock_service_repo.go:76.146,79.19 2 1
github.com/ikshavaku/catalogue/tests/mocks/mock_service_repo.go:79.19,80.54 1 0
github.com/ikshavaku/catalogue/tests/mocks/mock_service_repo.go:83.2,85.131 3 1
github.com/ikshavaku/catalogue/tests/mocks/mock_service_repo.go:85.131,87.3 1 0
github.com/ikshavaku/catalogue/tests/mocks/mock_service_repo.go:88.2,88.122 1 1
github.com/ikshavaku/catalogue/tests/mocks/mock_service_repo.go:88.122,90.3 1 0
github.com/ikshavaku/catalogue/tests/mocks/mock_service_repo.go:90.8,92.3 1 1
github.com/ikshavaku/catalogue/tests/mocks/mock_service_repo.go:94.2,94.86 1 1
github.com/ikshavaku/catalogue/tests/mocks/mock_service_repo.go:94.86,96.3 1 0
github.com/ikshavaku/catalogue/tests/mocks/mock_service_repo.go:96.8,98.3 1 1
github.com/ikshavaku/catalogue/tests/mocks/mock_service_repo.go:100.2,100.15 1 1
github.com/ikshavaku/catalogue/tests/mocks/mock_service_repo.go:108.24,112.19 3 0
github.com/ikshavaku/catalogue/tests/mocks/mock_service_repo.go:112.19,112.49 1 0
github.com/ikshavaku/catalogue/tests/mocks/mock_service_repo.go:114.2,114.13 1 0
github.com/ikshavaku/catalogue/tests/unit/fixtures.go:22.62,27.16 2 1
github.com/ikshavaku/catalogue/tests/unit/fixtures.go:27.16,29.3 1 0
github.com/ikshavaku/catalogue/tests/unit/fixtures.go:30.2,30.16 1 1
github.com/ikshavaku/catalogue/tests/unit/fixtures.go:33.47,35.64 2 1
github.com/ikshavaku/catalogue/tests/unit/fixtures.go:35.64,36.28 1 0
github.com/ikshavaku/catalogue/tests/unit/fixtures.go:38.2,40.99 3 1
github.com/ikshavaku/catalogue/tests/unit/fixtures.go:40.99,41.67 1 0
github.com/ikshavaku/catalogue/tests/unit/fixtures.go:45.2,45.17 1 1
github.com/ikshavaku/catalogue/tests/unit/fixtures.go:45.17,48.17 3 1
github.com/ikshavaku/catalogue/tests/unit/fixtures.go:48.17,50.4 1 0
github.com/ikshavaku/catalogue/tests/unit/fixtures.go:53.2,54.16 2 1
github.com/ikshavaku/catalogue/tests/unit/fixtures.go:54.16,56.3 1 0
github.com/ikshavaku/catalogue/tests/unit/fixtures.go:57.2,69.16 6 1
github.com/ikshavaku/catalogue/tests/unit/fixtures.go:69.16,72.3 2 0
github.com/ikshavaku/catalogue/tests/unit/fixtures.go:75.2,75.40 1 1
github.com/ikshavaku/catalogue/tests/unit/fixtures.go:75.40,77.3 1 0
github.com/ikshavaku/catalogue/tests/unit/fixtures.go:78.2,78.48 1 1
github.com/ikshavaku/catalogue/tests/unit/service/mocks.go:15.91,18.2 2 0
github.com/ikshavaku/catalogue/tests/unit/service/mocks.go:20.121,23.2 2 0
github.com/ikshavaku/catalogue/tests/unit/service/mocks.go:25.95,28.2 2 0
github.com/ikshavaku/catalogue/tests/unit/service/mocks.go:30.120,33.2 2 0
github.com/ikshavaku/catalogue/tests/unit/service/setup_test_suite.go:21.44,30.2 8 1
github.com/ikshavaku/catalogue/tests/unit/service/test_service.go:14.59,35.2 9 1
github.com/ikshavaku/catalogue/tests/unit/service/test_service.go:37.63,54.2 8 1
github.com/ikshavaku/catalogue/tests/unit/service/test_service.go:56.57,68.2 8 1
github.com/ikshavaku/catalogue/tests/unit/service/test_service.go:72.61,85.2 8 1
github.com/ikshavaku/catalogue/tests/unit/service/test_service.go:87.62,99.2 8 1
github.com/ikshavaku/catalogue/tests/unit/service/test_service.go:103.66,121.2 10 1
github.com/ikshavaku/catalogue/tests/unit/service/test_service.go:123.64,134.2 7 1
github.com/ikshavaku/catalogue/tests/unit/service/test_service.go:136.64,148.2 8 1
github.com/ikshavaku/catalogue/utils/config.go:33.25,35.23 2 1
github.com/ikshavaku/catalogue/utils/config.go:35.23,37.3 1 1
github.com/ikshavaku/catalogue/utils/config.go:38.2,38.12 1 1
github.com/ikshavaku/catalogue/utils/config.go:41.31,43.2 1 1
github.com/ikshavaku/catalogue/utils/config.go:45.61,47.2 1 1
github.com/ikshavaku/catalogue/utils/gin.go:13.26,18.2 4 0
github.com/ikshavaku/catalogue/utils/gin.go:20.58,22.23 1 0
github.com/ikshavaku/catalogue/utils/gin.go:22.23,22.54 1 0
github.com/ikshavaku/catalogue/utils/gin.go:23.23,23.57 1 0
github.com/ikshavaku/catalogue/utils/gin.go:24.23,24.56 1 0
github.com/ikshavaku/catalogue/utils/gin.go:27.2,27.33 1 0
github.com/ikshavaku/catalogue/utils/gin.go:27.33,28.37 1 0
github.com/ikshavaku/catalogue/utils/gin.go:28.37,30.4 1 0
github.com/ikshavaku/catalogue/utils/gin.go:34.2,34.40 1 0
github.com/ikshavaku/catalogue/utils/gin.go:34.40,35.26 1 0
github.com/ikshavaku/catalogue/utils/gin.go:36.25,37.48 1 0
github.com/ikshavaku/catalogue/utils/gin.go:37.48,40.5 2 0
github.com/ikshavaku/catalogue/utils/gin.go:45.2,45.39 1 0
github.com/ikshavaku/catalogue/utils/gin.go:54.45,55.26 1 0
github.com/ikshavaku/catalogue/utils/gin.go:55.26,59.3 3 0
github.com/ikshavaku/catalogue/utils/gin.go:60.2,60.24 1 0
github.com/ikshavaku/catalogue/utils/gin.go:64.59,65.64 1 0
github.com/ikshavaku/catalogue/utils/gin.go:65.64,66.47 1 0
github.com/ikshavaku/catalogue/utils/gin.go:66.47,68.4 1 0
github.com/ikshavaku/catalogue/utils/gin.go:71.2,71.19 1 0
